<?xml version="1.0" encoding="UTF-8"?>
<testng-results ignored="0" total="1" passed="1" failed="0" skipped="0">
  <reporter-output>
  </reporter-output>
  <suite started-at="2023-05-04T13:11:01 PDT" name="Data Driver Basics" finished-at="2023-05-04T13:11:04 PDT" duration-ms="3720">
    <groups>
    </groups>
    <test started-at="2023-05-04T13:11:01 PDT" name="LoginTest" finished-at="2023-05-04T13:11:04 PDT" duration-ms="3720">
      <class name="com.caleb.testcases.LoginTest">
        <test-method is-config="true" signature="setUp()[pri:0, instance:com.caleb.testcases.LoginTest@79d8407f]" started-at="2023-05-04T13:10:57 PDT" name="setUp" finished-at="2023-05-04T13:11:01 PDT" duration-ms="3131" status="PASS">
          <reporter-output>
          </reporter-output>
        </test-method> <!-- setUp -->
        <test-method signature="loginAsBankManager()[pri:0, instance:com.caleb.testcases.LoginTest@79d8407f]" started-at="2023-05-04T13:11:01 PDT" name="loginAsBankManager" finished-at="2023-05-04T13:11:04 PDT" duration-ms="3702" status="PASS">
          <reporter-output>
          </reporter-output>
        </test-method> <!-- loginAsBankManager -->
        <test-method is-config="true" signature="teardown()[pri:0, instance:com.caleb.testcases.LoginTest@79d8407f]" started-at="2023-05-04T13:11:04 PDT" name="teardown" finished-at="2023-05-04T13:11:04 PDT" duration-ms="104" status="PASS">
          <reporter-output>
          </reporter-output>
        </test-method> <!-- teardown -->
      </class> <!-- com.caleb.testcases.LoginTest -->
    </test> <!-- LoginTest -->
  </suite> <!-- Data Driver Basics -->
</testng-results>
